<?xml version="1.0" encoding="UTF-8"?>
<!-- Generated by org.testng.reporters.JUnitXMLReporter -->
<testsuite hostname="kushan" ignored="0" name="Default test" tests="3" failures="0" timestamp="09 Dec 2018 06:17:42 GMT" time="6.248" errors="0">
  <testcase name="get_test_req_chennai" time="4.031" classname="Test.test_get"/>
  <testcase name="get_test_req_mumbai" time="1.188" classname="Test.test_get"/>
  <testcase name="get_test_req_pune" time="0.92" classname="Test.test_get"/>
</testsuite> <!-- Default test -->
