<?xml version="1.0" encoding="UTF-8"?>
<testng-results skipped="0" failed="0" ignored="0" total="3" passed="3">
  <reporter-output>
  </reporter-output>
  <suite name="TestSuite" duration-ms="4926" started-at="2018-12-09T06:20:25Z" finished-at="2018-12-09T06:20:30Z">
    <groups>
    </groups>
    <test name="Raccoon" duration-ms="4926" started-at="2018-12-09T06:20:25Z" finished-at="2018-12-09T06:20:30Z">
      <class name="Test.test_get">
        <test-method status="PASS" signature="get_test_req_chennai()[pri:0, instance:Test.test_get@1d548a08]" name="get_test_req_chennai" duration-ms="4488" started-at="2018-12-09T06:20:25Z" finished-at="2018-12-09T06:20:30Z">
          <reporter-output>
          </reporter-output>
        </test-method> <!-- get_test_req_chennai -->
        <test-method status="PASS" signature="get_test_req_mumbai()[pri:0, instance:Test.test_get@1d548a08]" name="get_test_req_mumbai" duration-ms="4488" started-at="2018-12-09T06:20:25Z" finished-at="2018-12-09T06:20:30Z">
          <reporter-output>
          </reporter-output>
        </test-method> <!-- get_test_req_mumbai -->
        <test-method status="PASS" signature="get_test_req_pune()[pri:0, instance:Test.test_get@1d548a08]" name="get_test_req_pune" duration-ms="4488" started-at="2018-12-09T06:20:25Z" finished-at="2018-12-09T06:20:30Z">
          <reporter-output>
          </reporter-output>
        </test-method> <!-- get_test_req_pune -->
      </class> <!-- Test.test_get -->
    </test> <!-- Raccoon -->
  </suite> <!-- TestSuite -->
</testng-results>
