<?xml version="1.0" encoding="UTF-8"?>
<!-- Generated by org.testng.reporters.JUnitXMLReporter -->
<testsuite hostname="kushan" ignored="0" name="Raccoon" tests="3" failures="0" timestamp="09 Dec 2018 06:20:30 GMT" time="4.926" errors="0">
  <testcase name="get_test_req_chennai" time="4.488" classname="Test.test_get"/>
  <testcase name="get_test_req_mumbai" time="4.488" classname="Test.test_get"/>
  <testcase name="get_test_req_pune" time="4.488" classname="Test.test_get"/>
</testsuite> <!-- Raccoon -->
